<?xml version="1.0" encoding="UTF-8"?>
<testsuite name="org.example.LeaveRequestServiceTest" tests="1" skipped="0" failures="0" errors="0" timestamp="2026-08-25T18:31:45.231Z" hostname="DESKTOP-FLH6AF2" time="0.926">
  <properties/>
  <testcase name="shouldCreateLeaveRequestSuccessfully()" classname="org.example.LeaveRequestServiceTest" time="0.907"/>
  <system-out><![CDATA[]]></system-out>
  <system-err><![CDATA[WARNING: A Java agent has been loaded dynamically (C:\Users\USER\.gradle\caches\modules-2\files-2.1\net.bytebuddy\byte-buddy-agent\1.14.6\46e2545d7a97b6ccb195621650c5957279eb4812\byte-buddy-agent-1.14.6.jar)
WARNING: If a serviceability tool is in use, please run with -XX:+EnableDynamicAgentLoading to hide this warning
WARNING: If a serviceability tool is not in use, please run with -Djdk.instrument.traceUsage for more information
WARNING: Dynamic loading of agents will be disallowed by default in a future release
]]></system-err>
</testsuite>
